<?xml version="1.0" encoding="UTF-8"?>
<!-- Generated by org.testng.reporters.JUnitReportReporter -->
<testsuite hostname="DESKTOP-SSIUDP7" failures="0" tests="1" name="com.bikkadit.ebam.testCase.TC_LoginTest_001" time="21.604" errors="0" timestamp="13 Oct 2022 20:17:09 GMT" skipped="0">
  <testcase classname="com.bikkadit.ebam.testCase.TC_LoginTest_001" name="loginTest" time="21.604"/>
</testsuite> <!-- com.bikkadit.ebam.testCase.TC_LoginTest_001 -->
